{
  "stats": {
    "suites": 1,
    "tests": 12,
    "passes": 0,
    "pending": 0,
    "failures": 12,
    "start": "2024-06-17T23:27:15.116Z",
    "end": "2024-06-17T23:31:18.941Z",
    "duration": 243825,
    "testsRegistered": 12,
    "passPercent": 0,
    "pendingPercent": 0,
    "other": 0,
    "hasOther": false,
    "skipped": 0,
    "hasSkipped": false
  },
  "results": [
    {
      "uuid": "eac029a6-ccd9-44a7-ba97-6dd8afa5cc63",
      "title": "",
      "fullFile": "cypress\\e2e\\dasafio-techtalents.cy.js",
      "file": "cypress\\e2e\\dasafio-techtalents.cy.js",
      "beforeHooks": [],
      "afterHooks": [],
      "tests": [],
      "suites": [
        {
          "uuid": "14bd00fe-f718-48a7-984b-bbdb68964e42",
          "title": "Cadastrar e logar no site do desafio",
          "fullFile": "",
          "file": "",
          "beforeHooks": [],
          "afterHooks": [],
          "tests": [
            {
              "title": "Cadastrar - Teste 0",
              "fullTitle": "Cadastrar e logar no site do desafio Cadastrar - Teste 0",
              "timedOut": null,
              "duration": 21403,
              "state": "failed",
              "speed": null,
              "pass": false,
              "fail": true,
              "pending": false,
              "context": null,
              "code": "cy.cadastro(massa.email, massa.password);",
              "err": {
                "message": "CypressError: Timed out retrying after 4050ms: `cy.click()` failed because this element is `disabled`:\n\n`<input type=\"submit\" class=\"woocommerce-Button button disabled\" name=\"register\" value=\"Register\" disabled=\"disabled\">`\n\nFix this problem, or use `{force: true}` to disable error checking.\n\nhttps://on.cypress.io/element-cannot-be-interacted-with",
                "estack": "CypressError: Timed out retrying after 4050ms: `cy.click()` failed because this element is `disabled`:\n\n`<input type=\"submit\" class=\"woocommerce-Button button disabled\" name=\"register\" value=\"Register\" disabled=\"disabled\">`\n\nFix this problem, or use `{force: true}` to disable error checking.\n\nhttps://on.cypress.io/element-cannot-be-interacted-with\n    at Object.isNotDisabled (https://practice.automationtesting.in/__cypress/runner/cypress_runner.js:145123:58)\n    at runAllChecks (https://practice.automationtesting.in/__cypress/runner/cypress_runner.js:112282:26)\n    at retryActionability (https://practice.automationtesting.in/__cypress/runner/cypress_runner.js:112371:16)\n    at tryCatcher (https://practice.automationtesting.in/__cypress/runner/cypress_runner.js:1807:23)\n    at Promise.attempt.Promise.try (https://practice.automationtesting.in/__cypress/runner/cypress_runner.js:4315:29)\n    at whenStable (https://practice.automationtesting.in/__cypress/runner/cypress_runner.js:143916:68)\n    at <unknown> (https://practice.automationtesting.in/__cypress/runner/cypress_runner.js:143857:14)\n    at tryCatcher (https://practice.automationtesting.in/__cypress/runner/cypress_runner.js:1807:23)\n    at Promise._settlePromiseFromHandler (https://practice.automationtesting.in/__cypress/runner/cypress_runner.js:1519:31)\n    at Promise._settlePromise (https://practice.automationtesting.in/__cypress/runner/cypress_runner.js:1576:18)\n    at Promise._settlePromise0 (https://practice.automationtesting.in/__cypress/runner/cypress_runner.js:1621:10)\n    at Promise._settlePromises (https://practice.automationtesting.in/__cypress/runner/cypress_runner.js:1701:18)\n    at Promise._fulfill (https://practice.automationtesting.in/__cypress/runner/cypress_runner.js:1645:18)\n    at <unknown> (https://practice.automationtesting.in/__cypress/runner/cypress_runner.js:5450:46)\nFrom Your Spec Code:\n    at Context.eval (webpack://techtalents-cypress/./cypress/support/commands.js:15:38)",
                "diff": null
              },
              "uuid": "5f5d5622-537c-4968-aaf1-1e1a044ec03f",
              "parentUUID": "14bd00fe-f718-48a7-984b-bbdb68964e42",
              "isHook": false,
              "skipped": false
            },
            {
              "title": "Login - Teste 0",
              "fullTitle": "Cadastrar e logar no site do desafio Login - Teste 0",
              "timedOut": null,
              "duration": 18664,
              "state": "failed",
              "speed": null,
              "pass": false,
              "fail": true,
              "pending": false,
              "context": null,
              "code": "cy.login(massa.email, massa.password);",
              "err": {
                "message": "AssertionError: Timed out retrying after 4000ms: Expected to find element: `.woocommerce-MyAccount-content`, but never found it.",
                "estack": "AssertionError: Timed out retrying after 4000ms: Expected to find element: `.woocommerce-MyAccount-content`, but never found it.\n    at Context.eval (webpack://techtalents-cypress/./cypress/support/commands.js:6:45)",
                "diff": null
              },
              "uuid": "79359095-b550-4b56-a2e2-25b79bfda0a6",
              "parentUUID": "14bd00fe-f718-48a7-984b-bbdb68964e42",
              "isHook": false,
              "skipped": false
            },
            {
              "title": "Cadastrar - Teste 1",
              "fullTitle": "Cadastrar e logar no site do desafio Cadastrar - Teste 1",
              "timedOut": null,
              "duration": 27153,
              "state": "failed",
              "speed": null,
              "pass": false,
              "fail": true,
              "pending": false,
              "context": null,
              "code": "cy.cadastro(massa.email, massa.password);",
              "err": {
                "message": "CypressError: Timed out retrying after 4050ms: `cy.click()` failed because this element is `disabled`:\n\n`<input type=\"submit\" class=\"woocommerce-Button button disabled\" name=\"register\" value=\"Register\" disabled=\"disabled\">`\n\nFix this problem, or use `{force: true}` to disable error checking.\n\nhttps://on.cypress.io/element-cannot-be-interacted-with",
                "estack": "CypressError: Timed out retrying after 4050ms: `cy.click()` failed because this element is `disabled`:\n\n`<input type=\"submit\" class=\"woocommerce-Button button disabled\" name=\"register\" value=\"Register\" disabled=\"disabled\">`\n\nFix this problem, or use `{force: true}` to disable error checking.\n\nhttps://on.cypress.io/element-cannot-be-interacted-with\n    at Object.isNotDisabled (https://practice.automationtesting.in/__cypress/runner/cypress_runner.js:145123:58)\n    at runAllChecks (https://practice.automationtesting.in/__cypress/runner/cypress_runner.js:112282:26)\n    at retryActionability (https://practice.automationtesting.in/__cypress/runner/cypress_runner.js:112371:16)\n    at tryCatcher (https://practice.automationtesting.in/__cypress/runner/cypress_runner.js:1807:23)\n    at Promise.attempt.Promise.try (https://practice.automationtesting.in/__cypress/runner/cypress_runner.js:4315:29)\n    at whenStable (https://practice.automationtesting.in/__cypress/runner/cypress_runner.js:143916:68)\n    at <unknown> (https://practice.automationtesting.in/__cypress/runner/cypress_runner.js:143857:14)\n    at tryCatcher (https://practice.automationtesting.in/__cypress/runner/cypress_runner.js:1807:23)\n    at Promise._settlePromiseFromHandler (https://practice.automationtesting.in/__cypress/runner/cypress_runner.js:1519:31)\n    at Promise._settlePromise (https://practice.automationtesting.in/__cypress/runner/cypress_runner.js:1576:18)\n    at Promise._settlePromise0 (https://practice.automationtesting.in/__cypress/runner/cypress_runner.js:1621:10)\n    at Promise._settlePromises (https://practice.automationtesting.in/__cypress/runner/cypress_runner.js:1701:18)\n    at Promise._fulfill (https://practice.automationtesting.in/__cypress/runner/cypress_runner.js:1645:18)\n    at <unknown> (https://practice.automationtesting.in/__cypress/runner/cypress_runner.js:5450:46)\nFrom Your Spec Code:\n    at Context.eval (webpack://techtalents-cypress/./cypress/support/commands.js:15:38)",
                "diff": null
              },
              "uuid": "9b7c6fa0-e722-4c01-885d-7c21bd6e4241",
              "parentUUID": "14bd00fe-f718-48a7-984b-bbdb68964e42",
              "isHook": false,
              "skipped": false
            },
            {
              "title": "Login - Teste 1",
              "fullTitle": "Cadastrar e logar no site do desafio Login - Teste 1",
              "timedOut": null,
              "duration": 21321,
              "state": "failed",
              "speed": null,
              "pass": false,
              "fail": true,
              "pending": false,
              "context": null,
              "code": "cy.login(massa.email, massa.password);",
              "err": {
                "message": "AssertionError: Timed out retrying after 4000ms: Expected to find element: `.woocommerce-MyAccount-content`, but never found it.",
                "estack": "AssertionError: Timed out retrying after 4000ms: Expected to find element: `.woocommerce-MyAccount-content`, but never found it.\n    at Context.eval (webpack://techtalents-cypress/./cypress/support/commands.js:6:45)",
                "diff": null
              },
              "uuid": "b54ae257-45a1-4e14-9244-9fa6a5be27ef",
              "parentUUID": "14bd00fe-f718-48a7-984b-bbdb68964e42",
              "isHook": false,
              "skipped": false
            },
            {
              "title": "Cadastrar - Teste 2",
              "fullTitle": "Cadastrar e logar no site do desafio Cadastrar - Teste 2",
              "timedOut": null,
              "duration": 16842,
              "state": "failed",
              "speed": null,
              "pass": false,
              "fail": true,
              "pending": false,
              "context": null,
              "code": "cy.cadastro(massa.email, massa.password);",
              "err": {
                "message": "CypressError: Timed out retrying after 4050ms: `cy.click()` failed because this element is `disabled`:\n\n`<input type=\"submit\" class=\"woocommerce-Button button disabled\" name=\"register\" value=\"Register\" disabled=\"disabled\">`\n\nFix this problem, or use `{force: true}` to disable error checking.\n\nhttps://on.cypress.io/element-cannot-be-interacted-with",
                "estack": "CypressError: Timed out retrying after 4050ms: `cy.click()` failed because this element is `disabled`:\n\n`<input type=\"submit\" class=\"woocommerce-Button button disabled\" name=\"register\" value=\"Register\" disabled=\"disabled\">`\n\nFix this problem, or use `{force: true}` to disable error checking.\n\nhttps://on.cypress.io/element-cannot-be-interacted-with\n    at Object.isNotDisabled (https://practice.automationtesting.in/__cypress/runner/cypress_runner.js:145123:58)\n    at runAllChecks (https://practice.automationtesting.in/__cypress/runner/cypress_runner.js:112282:26)\n    at retryActionability (https://practice.automationtesting.in/__cypress/runner/cypress_runner.js:112371:16)\n    at tryCatcher (https://practice.automationtesting.in/__cypress/runner/cypress_runner.js:1807:23)\n    at Promise.attempt.Promise.try (https://practice.automationtesting.in/__cypress/runner/cypress_runner.js:4315:29)\n    at whenStable (https://practice.automationtesting.in/__cypress/runner/cypress_runner.js:143916:68)\n    at <unknown> (https://practice.automationtesting.in/__cypress/runner/cypress_runner.js:143857:14)\n    at tryCatcher (https://practice.automationtesting.in/__cypress/runner/cypress_runner.js:1807:23)\n    at Promise._settlePromiseFromHandler (https://practice.automationtesting.in/__cypress/runner/cypress_runner.js:1519:31)\n    at Promise._settlePromise (https://practice.automationtesting.in/__cypress/runner/cypress_runner.js:1576:18)\n    at Promise._settlePromise0 (https://practice.automationtesting.in/__cypress/runner/cypress_runner.js:1621:10)\n    at Promise._settlePromises (https://practice.automationtesting.in/__cypress/runner/cypress_runner.js:1701:18)\n    at Promise._fulfill (https://practice.automationtesting.in/__cypress/runner/cypress_runner.js:1645:18)\n    at <unknown> (https://practice.automationtesting.in/__cypress/runner/cypress_runner.js:5450:46)\nFrom Your Spec Code:\n    at Context.eval (webpack://techtalents-cypress/./cypress/support/commands.js:15:38)",
                "diff": null
              },
              "uuid": "d60ea9c4-cfc7-4d63-a302-18c6e90e52de",
              "parentUUID": "14bd00fe-f718-48a7-984b-bbdb68964e42",
              "isHook": false,
              "skipped": false
            },
            {
              "title": "Login - Teste 2",
              "fullTitle": "Cadastrar e logar no site do desafio Login - Teste 2",
              "timedOut": null,
              "duration": 25238,
              "state": "failed",
              "speed": null,
              "pass": false,
              "fail": true,
              "pending": false,
              "context": null,
              "code": "cy.login(massa.email, massa.password);",
              "err": {
                "message": "AssertionError: Timed out retrying after 4000ms: Expected to find element: `.woocommerce-MyAccount-content`, but never found it.",
                "estack": "AssertionError: Timed out retrying after 4000ms: Expected to find element: `.woocommerce-MyAccount-content`, but never found it.\n    at Context.eval (webpack://techtalents-cypress/./cypress/support/commands.js:6:45)",
                "diff": null
              },
              "uuid": "425ede48-6a11-4f92-94ca-05f43770a761",
              "parentUUID": "14bd00fe-f718-48a7-984b-bbdb68964e42",
              "isHook": false,
              "skipped": false
            },
            {
              "title": "Cadastrar - Teste 3",
              "fullTitle": "Cadastrar e logar no site do desafio Cadastrar - Teste 3",
              "timedOut": null,
              "duration": 21376,
              "state": "failed",
              "speed": null,
              "pass": false,
              "fail": true,
              "pending": false,
              "context": null,
              "code": "cy.cadastro(massa.email, massa.password);",
              "err": {
                "message": "CypressError: Timed out retrying after 4050ms: `cy.click()` failed because this element is `disabled`:\n\n`<input type=\"submit\" class=\"woocommerce-Button button disabled\" name=\"register\" value=\"Register\" disabled=\"disabled\">`\n\nFix this problem, or use `{force: true}` to disable error checking.\n\nhttps://on.cypress.io/element-cannot-be-interacted-with",
                "estack": "CypressError: Timed out retrying after 4050ms: `cy.click()` failed because this element is `disabled`:\n\n`<input type=\"submit\" class=\"woocommerce-Button button disabled\" name=\"register\" value=\"Register\" disabled=\"disabled\">`\n\nFix this problem, or use `{force: true}` to disable error checking.\n\nhttps://on.cypress.io/element-cannot-be-interacted-with\n    at Object.isNotDisabled (https://practice.automationtesting.in/__cypress/runner/cypress_runner.js:145123:58)\n    at runAllChecks (https://practice.automationtesting.in/__cypress/runner/cypress_runner.js:112282:26)\n    at retryActionability (https://practice.automationtesting.in/__cypress/runner/cypress_runner.js:112371:16)\n    at tryCatcher (https://practice.automationtesting.in/__cypress/runner/cypress_runner.js:1807:23)\n    at Promise.attempt.Promise.try (https://practice.automationtesting.in/__cypress/runner/cypress_runner.js:4315:29)\n    at whenStable (https://practice.automationtesting.in/__cypress/runner/cypress_runner.js:143916:68)\n    at <unknown> (https://practice.automationtesting.in/__cypress/runner/cypress_runner.js:143857:14)\n    at tryCatcher (https://practice.automationtesting.in/__cypress/runner/cypress_runner.js:1807:23)\n    at Promise._settlePromiseFromHandler (https://practice.automationtesting.in/__cypress/runner/cypress_runner.js:1519:31)\n    at Promise._settlePromise (https://practice.automationtesting.in/__cypress/runner/cypress_runner.js:1576:18)\n    at Promise._settlePromise0 (https://practice.automationtesting.in/__cypress/runner/cypress_runner.js:1621:10)\n    at Promise._settlePromises (https://practice.automationtesting.in/__cypress/runner/cypress_runner.js:1701:18)\n    at Promise._fulfill (https://practice.automationtesting.in/__cypress/runner/cypress_runner.js:1645:18)\n    at <unknown> (https://practice.automationtesting.in/__cypress/runner/cypress_runner.js:5450:46)\nFrom Your Spec Code:\n    at Context.eval (webpack://techtalents-cypress/./cypress/support/commands.js:15:38)",
                "diff": null
              },
              "uuid": "d4e327db-5a28-45fc-bee8-60a8ae7d40aa",
              "parentUUID": "14bd00fe-f718-48a7-984b-bbdb68964e42",
              "isHook": false,
              "skipped": false
            },
            {
              "title": "Login - Teste 3",
              "fullTitle": "Cadastrar e logar no site do desafio Login - Teste 3",
              "timedOut": null,
              "duration": 22489,
              "state": "failed",
              "speed": null,
              "pass": false,
              "fail": true,
              "pending": false,
              "context": null,
              "code": "cy.login(massa.email, massa.password);",
              "err": {
                "message": "AssertionError: Timed out retrying after 4000ms: Expected to find element: `.woocommerce-MyAccount-content`, but never found it.",
                "estack": "AssertionError: Timed out retrying after 4000ms: Expected to find element: `.woocommerce-MyAccount-content`, but never found it.\n    at Context.eval (webpack://techtalents-cypress/./cypress/support/commands.js:6:45)",
                "diff": null
              },
              "uuid": "49f0ab84-f12f-4305-80f1-ecb0dc0c2593",
              "parentUUID": "14bd00fe-f718-48a7-984b-bbdb68964e42",
              "isHook": false,
              "skipped": false
            },
            {
              "title": "Cadastrar - Teste 4",
              "fullTitle": "Cadastrar e logar no site do desafio Cadastrar - Teste 4",
              "timedOut": null,
              "duration": 15791,
              "state": "failed",
              "speed": null,
              "pass": false,
              "fail": true,
              "pending": false,
              "context": null,
              "code": "cy.cadastro(massa.email, massa.password);",
              "err": {
                "message": "CypressError: Timed out retrying after 4050ms: `cy.click()` failed because this element is `disabled`:\n\n`<input type=\"submit\" class=\"woocommerce-Button button disabled\" name=\"register\" value=\"Register\" disabled=\"disabled\">`\n\nFix this problem, or use `{force: true}` to disable error checking.\n\nhttps://on.cypress.io/element-cannot-be-interacted-with",
                "estack": "CypressError: Timed out retrying after 4050ms: `cy.click()` failed because this element is `disabled`:\n\n`<input type=\"submit\" class=\"woocommerce-Button button disabled\" name=\"register\" value=\"Register\" disabled=\"disabled\">`\n\nFix this problem, or use `{force: true}` to disable error checking.\n\nhttps://on.cypress.io/element-cannot-be-interacted-with\n    at Object.isNotDisabled (https://practice.automationtesting.in/__cypress/runner/cypress_runner.js:145123:58)\n    at runAllChecks (https://practice.automationtesting.in/__cypress/runner/cypress_runner.js:112282:26)\n    at retryActionability (https://practice.automationtesting.in/__cypress/runner/cypress_runner.js:112371:16)\n    at tryCatcher (https://practice.automationtesting.in/__cypress/runner/cypress_runner.js:1807:23)\n    at Promise.attempt.Promise.try (https://practice.automationtesting.in/__cypress/runner/cypress_runner.js:4315:29)\n    at whenStable (https://practice.automationtesting.in/__cypress/runner/cypress_runner.js:143916:68)\n    at <unknown> (https://practice.automationtesting.in/__cypress/runner/cypress_runner.js:143857:14)\n    at tryCatcher (https://practice.automationtesting.in/__cypress/runner/cypress_runner.js:1807:23)\n    at Promise._settlePromiseFromHandler (https://practice.automationtesting.in/__cypress/runner/cypress_runner.js:1519:31)\n    at Promise._settlePromise (https://practice.automationtesting.in/__cypress/runner/cypress_runner.js:1576:18)\n    at Promise._settlePromise0 (https://practice.automationtesting.in/__cypress/runner/cypress_runner.js:1621:10)\n    at Promise._settlePromises (https://practice.automationtesting.in/__cypress/runner/cypress_runner.js:1701:18)\n    at Promise._fulfill (https://practice.automationtesting.in/__cypress/runner/cypress_runner.js:1645:18)\n    at <unknown> (https://practice.automationtesting.in/__cypress/runner/cypress_runner.js:5450:46)\nFrom Your Spec Code:\n    at Context.eval (webpack://techtalents-cypress/./cypress/support/commands.js:15:38)",
                "diff": null
              },
              "uuid": "255e2713-5b35-4f05-a1b2-72661e7861ca",
              "parentUUID": "14bd00fe-f718-48a7-984b-bbdb68964e42",
              "isHook": false,
              "skipped": false
            },
            {
              "title": "Login - Teste 4",
              "fullTitle": "Cadastrar e logar no site do desafio Login - Teste 4",
              "timedOut": null,
              "duration": 13414,
              "state": "failed",
              "speed": null,
              "pass": false,
              "fail": true,
              "pending": false,
              "context": null,
              "code": "cy.login(massa.email, massa.password);",
              "err": {
                "message": "AssertionError: Timed out retrying after 4000ms: Expected to find element: `.woocommerce-MyAccount-content`, but never found it.",
                "estack": "AssertionError: Timed out retrying after 4000ms: Expected to find element: `.woocommerce-MyAccount-content`, but never found it.\n    at Context.eval (webpack://techtalents-cypress/./cypress/support/commands.js:6:45)",
                "diff": null
              },
              "uuid": "9ffb2b7a-dc0e-4496-8d45-7e5471b14072",
              "parentUUID": "14bd00fe-f718-48a7-984b-bbdb68964e42",
              "isHook": false,
              "skipped": false
            },
            {
              "title": "Cadastrar - Teste 5",
              "fullTitle": "Cadastrar e logar no site do desafio Cadastrar - Teste 5",
              "timedOut": null,
              "duration": 12403,
              "state": "failed",
              "speed": null,
              "pass": false,
              "fail": true,
              "pending": false,
              "context": null,
              "code": "cy.cadastro(massa.email, massa.password);",
              "err": {
                "message": "CypressError: Timed out retrying after 4050ms: `cy.click()` failed because this element is `disabled`:\n\n`<input type=\"submit\" class=\"woocommerce-Button button disabled\" name=\"register\" value=\"Register\" disabled=\"disabled\">`\n\nFix this problem, or use `{force: true}` to disable error checking.\n\nhttps://on.cypress.io/element-cannot-be-interacted-with",
                "estack": "CypressError: Timed out retrying after 4050ms: `cy.click()` failed because this element is `disabled`:\n\n`<input type=\"submit\" class=\"woocommerce-Button button disabled\" name=\"register\" value=\"Register\" disabled=\"disabled\">`\n\nFix this problem, or use `{force: true}` to disable error checking.\n\nhttps://on.cypress.io/element-cannot-be-interacted-with\n    at Object.isNotDisabled (https://practice.automationtesting.in/__cypress/runner/cypress_runner.js:145123:58)\n    at runAllChecks (https://practice.automationtesting.in/__cypress/runner/cypress_runner.js:112282:26)\n    at retryActionability (https://practice.automationtesting.in/__cypress/runner/cypress_runner.js:112371:16)\n    at tryCatcher (https://practice.automationtesting.in/__cypress/runner/cypress_runner.js:1807:23)\n    at Promise.attempt.Promise.try (https://practice.automationtesting.in/__cypress/runner/cypress_runner.js:4315:29)\n    at whenStable (https://practice.automationtesting.in/__cypress/runner/cypress_runner.js:143916:68)\n    at <unknown> (https://practice.automationtesting.in/__cypress/runner/cypress_runner.js:143857:14)\n    at tryCatcher (https://practice.automationtesting.in/__cypress/runner/cypress_runner.js:1807:23)\n    at Promise._settlePromiseFromHandler (https://practice.automationtesting.in/__cypress/runner/cypress_runner.js:1519:31)\n    at Promise._settlePromise (https://practice.automationtesting.in/__cypress/runner/cypress_runner.js:1576:18)\n    at Promise._settlePromise0 (https://practice.automationtesting.in/__cypress/runner/cypress_runner.js:1621:10)\n    at Promise._settlePromises (https://practice.automationtesting.in/__cypress/runner/cypress_runner.js:1701:18)\n    at Promise._fulfill (https://practice.automationtesting.in/__cypress/runner/cypress_runner.js:1645:18)\n    at <unknown> (https://practice.automationtesting.in/__cypress/runner/cypress_runner.js:5450:46)\nFrom Your Spec Code:\n    at Context.eval (webpack://techtalents-cypress/./cypress/support/commands.js:15:38)",
                "diff": null
              },
              "uuid": "1308fa01-b1f0-4a0d-b3a0-f572901242e8",
              "parentUUID": "14bd00fe-f718-48a7-984b-bbdb68964e42",
              "isHook": false,
              "skipped": false
            },
            {
              "title": "Login - Teste 5",
              "fullTitle": "Cadastrar e logar no site do desafio Login - Teste 5",
              "timedOut": null,
              "duration": 21771,
              "state": "failed",
              "speed": null,
              "pass": false,
              "fail": true,
              "pending": false,
              "context": null,
              "code": "cy.login(massa.email, massa.password);",
              "err": {
                "message": "AssertionError: Timed out retrying after 4000ms: Expected to find element: `.woocommerce-MyAccount-content`, but never found it.",
                "estack": "AssertionError: Timed out retrying after 4000ms: Expected to find element: `.woocommerce-MyAccount-content`, but never found it.\n    at Context.eval (webpack://techtalents-cypress/./cypress/support/commands.js:6:45)",
                "diff": null
              },
              "uuid": "7edbc057-b524-4cda-8c9b-60db58adf4f2",
              "parentUUID": "14bd00fe-f718-48a7-984b-bbdb68964e42",
              "isHook": false,
              "skipped": false
            }
          ],
          "suites": [],
          "passes": [],
          "failures": [
            "5f5d5622-537c-4968-aaf1-1e1a044ec03f",
            "79359095-b550-4b56-a2e2-25b79bfda0a6",
            "9b7c6fa0-e722-4c01-885d-7c21bd6e4241",
            "b54ae257-45a1-4e14-9244-9fa6a5be27ef",
            "d60ea9c4-cfc7-4d63-a302-18c6e90e52de",
            "425ede48-6a11-4f92-94ca-05f43770a761",
            "d4e327db-5a28-45fc-bee8-60a8ae7d40aa",
            "49f0ab84-f12f-4305-80f1-ecb0dc0c2593",
            "255e2713-5b35-4f05-a1b2-72661e7861ca",
            "9ffb2b7a-dc0e-4496-8d45-7e5471b14072",
            "1308fa01-b1f0-4a0d-b3a0-f572901242e8",
            "7edbc057-b524-4cda-8c9b-60db58adf4f2"
          ],
          "pending": [],
          "skipped": [],
          "duration": 237865,
          "root": false,
          "rootEmpty": false,
          "_timeout": 2000
        }
      ],
      "passes": [],
      "failures": [],
      "pending": [],
      "skipped": [],
      "duration": 0,
      "root": true,
      "rootEmpty": true,
      "_timeout": 2000
    }
  ],
  "meta": {
    "mocha": {
      "version": "7.0.1"
    },
    "mochawesome": {
      "options": {
        "quiet": false,
        "reportFilename": "mochawesome",
        "saveHtml": false,
        "saveJson": true,
        "consoleReporter": "spec",
        "useInlineDiffs": false,
        "code": true
      },
      "version": "7.1.3"
    },
    "marge": {
      "options": {
        "reportDir": "cypress/results",
        "overwrite": false,
        "html": false,
        "json": true,
        "timestamp": "mmddyyy_HHMMss"
      },
      "version": "6.2.0"
    }
  }
}